2023.06.25 20:30:17 INFO  Started: Metals version 0.11.12 in workspace 'E:\UCSC CS\2 Second Year\Semester 1\SCS2204 - Functional Programming\Practicals\21000522_3' for client Visual Studio Code 1.79.2.
Jun 25, 2023 8:30:17 PM org.flywaydb.core.internal.license.VersionPrinter printVersionOnly
INFO: Flyway Community Edition 9.16.3 by Redgate
Jun 25, 2023 8:30:17 PM org.flywaydb.core.internal.license.VersionPrinter printVersion
INFO: See release notes here: https://rd.gt/416ObMi
Jun 25, 2023 8:30:17 PM org.flywaydb.core.internal.license.VersionPrinter printVersion
INFO: 
Jun 25, 2023 8:30:17 PM org.flywaydb.core.internal.database.base.BaseDatabaseType createDatabase
INFO: Database: jdbc:h2:file:E:\UCSC CS\2 Second Year\Semester 1\SCS2204 - Functional Programming\Practicals\21000522_3\.metals\metals (H2 2.1)
Jun 25, 2023 8:30:17 PM org.flywaydb.core.internal.schemahistory.JdbcTableSchemaHistory allAppliedMigrations
INFO: Schema history table "PUBLIC"."flyway_schema_history" does not exist yet
Jun 25, 2023 8:30:17 PM org.flywaydb.core.internal.command.DbValidate validate
INFO: Successfully validated 4 migrations (execution time 00:00.042s)
Jun 25, 2023 8:30:17 PM org.flywaydb.core.internal.schemahistory.JdbcTableSchemaHistory create
INFO: Creating Schema History table "PUBLIC"."flyway_schema_history" ...
Jun 25, 2023 8:30:17 PM org.flywaydb.core.internal.command.DbMigrate migrateGroup
INFO: Current version of schema "PUBLIC": << Empty Schema >>
Jun 25, 2023 8:30:17 PM org.flywaydb.core.internal.command.DbMigrate doMigrateGroup
INFO: Migrating schema "PUBLIC" to version "1 - Create tables"
Jun 25, 2023 8:30:17 PM org.flywaydb.core.internal.command.DbMigrate doMigrateGroup
INFO: Migrating schema "PUBLIC" to version "2 - Server discovery"
Jun 25, 2023 8:30:17 PM org.flywaydb.core.internal.command.DbMigrate doMigrateGroup
INFO: Migrating schema "PUBLIC" to version "3 - Jar symbols"
Jun 25, 2023 8:30:17 PM org.flywaydb.core.internal.command.DbMigrate doMigrateGroup
INFO: Migrating schema "PUBLIC" to version "4 - Fingerprints"
Jun 25, 2023 8:30:17 PM org.flywaydb.core.internal.command.DbMigrate logSummary
INFO: Successfully applied 4 migrations to schema "PUBLIC", now at version v4 (execution time 00:00.077s)
2023.06.25 20:30:18 INFO  time: initialize in 1.02s
2023.06.25 20:30:19 WARN  Build server is not auto-connectable.
2023.06.25 20:30:19 WARN  no build tool detected in workspace 'E:\UCSC CS\2 Second Year\Semester 1\SCS2204 - Functional Programming\Practicals\21000522_3'. The most common cause for this problem is that the editor was opened in the wrong working directory, for example if you use sbt then the workspace directory should contain build.sbt. 
2023.06.25 20:30:19 WARN  no build target for: E:\UCSC CS\2 Second Year\Semester 1\SCS2204 - Functional Programming\Practicals\21000522_3\Q1.scala
2023.06.25 20:30:26 INFO  no build target found for E:\UCSC CS\2 Second Year\Semester 1\SCS2204 - Functional Programming\Practicals\21000522_3\Q1.scala. Using presentation compiler with project's scala-library version: 3.2.2
2023.06.25 20:30:29 INFO  time: code lens generation in 9.66s
Jun 25, 2023 11:16:16 PM org.eclipse.lsp4j.jsonrpc.RemoteEndpoint handleCancellation
WARNING: Unmatched cancel notification for request id 1284
Jun 25, 2023 11:16:20 PM org.eclipse.lsp4j.jsonrpc.RemoteEndpoint handleCancellation
WARNING: Unmatched cancel notification for request id 1318
Jun 25, 2023 11:16:26 PM org.eclipse.lsp4j.jsonrpc.RemoteEndpoint handleCancellation
WARNING: Unmatched cancel notification for request id 1343
2023.06.25 23:16:59 WARN  no build target for: E:\UCSC CS\2 Second Year\Semester 1\SCS2204 - Functional Programming\Practicals\21000522_3\Q1.scala
Jun 25, 2023 11:24:30 PM org.eclipse.lsp4j.jsonrpc.RemoteEndpoint handleCancellation
WARNING: Unmatched cancel notification for request id 1563
2023.06.25 23:25:54 WARN  no build target for: E:\UCSC CS\2 Second Year\Semester 1\SCS2204 - Functional Programming\Practicals\21000522_3\Q1.scala
2023.06.25 23:28:31 WARN  no build target for: E:\UCSC CS\2 Second Year\Semester 1\SCS2204 - Functional Programming\Practicals\21000522_3\Q1.scala
2023.06.25 23:36:08 WARN  no build target for: E:\UCSC CS\2 Second Year\Semester 1\SCS2204 - Functional Programming\Practicals\21000522_3\Q2.scala
Jun 25, 2023 11:37:02 PM org.eclipse.lsp4j.jsonrpc.RemoteEndpoint handleCancellation
WARNING: Unmatched cancel notification for request id 1790
Jun 25, 2023 11:38:00 PM org.eclipse.lsp4j.jsonrpc.RemoteEndpoint handleCancellation
WARNING: Unmatched cancel notification for request id 1866
Jun 25, 2023 11:38:45 PM org.eclipse.lsp4j.jsonrpc.RemoteEndpoint handleCancellation
WARNING: Unmatched cancel notification for request id 2035
2023.06.25 23:53:16 WARN  no build target for: E:\UCSC CS\2 Second Year\Semester 1\SCS2204 - Functional Programming\Practicals\21000522_3\Q1.scala
Jun 26, 2023 12:00:24 AM org.eclipse.lsp4j.jsonrpc.RemoteEndpoint handleCancellation
WARNING: Unmatched cancel notification for request id 2121
Jun 26, 2023 12:00:45 AM org.eclipse.lsp4j.jsonrpc.RemoteEndpoint handleCancellation
WARNING: Unmatched cancel notification for request id 2189
2023.06.26 00:35:25 WARN  no build target for: E:\UCSC CS\2 Second Year\Semester 1\SCS2204 - Functional Programming\Practicals\21000522_3\Q2.scala
2023.06.26 00:35:39 WARN  no build target for: E:\UCSC CS\2 Second Year\Semester 1\SCS2204 - Functional Programming\Practicals\21000522_3\Q2.scala
2023.06.26 00:35:50 WARN  no build target for: E:\UCSC CS\2 Second Year\Semester 1\SCS2204 - Functional Programming\Practicals\21000522_3\Q2.scala
Jun 26, 2023 12:37:30 AM org.eclipse.lsp4j.jsonrpc.RemoteEndpoint handleCancellation
WARNING: Unmatched cancel notification for request id 2341
Jun 26, 2023 12:46:59 AM org.eclipse.lsp4j.jsonrpc.services.GenericEndpoint notify
INFO: Unsupported notification method: $/setTrace
Jun 26, 2023 12:46:59 AM org.eclipse.lsp4j.jsonrpc.services.GenericEndpoint notify
INFO: Unsupported notification method: $/setTrace
2023.06.26 01:10:41 INFO  Shutting down server
2023.06.26 01:10:41 INFO  shutting down Metals
2023.06.26 01:10:41 INFO  Exiting server
2023.06.26 22:21:47 INFO  Started: Metals version 0.11.12 in workspace 'E:\UCSC CS\2 Second Year\Semester 1\SCS2204 - Functional Programming\Practicals\21000522_3' for client Visual Studio Code 1.79.2.
Jun 26, 2023 10:21:48 PM org.flywaydb.core.internal.license.VersionPrinter printVersionOnly
INFO: Flyway Community Edition 9.16.3 by Redgate
Jun 26, 2023 10:21:48 PM org.flywaydb.core.internal.license.VersionPrinter printVersion
INFO: See release notes here: https://rd.gt/416ObMi
Jun 26, 2023 10:21:48 PM org.flywaydb.core.internal.license.VersionPrinter printVersion
INFO: 
Jun 26, 2023 10:21:48 PM org.flywaydb.core.internal.database.base.BaseDatabaseType createDatabase
INFO: Database: jdbc:h2:file:E:\UCSC CS\2 Second Year\Semester 1\SCS2204 - Functional Programming\Practicals\21000522_3\.metals\metals (H2 2.1)
Jun 26, 2023 10:21:48 PM org.flywaydb.core.internal.command.DbValidate validate
INFO: Successfully validated 4 migrations (execution time 00:00.039s)
Jun 26, 2023 10:21:48 PM org.flywaydb.core.internal.command.DbMigrate migrateGroup
INFO: Current version of schema "PUBLIC": 4
Jun 26, 2023 10:21:48 PM org.flywaydb.core.internal.command.DbMigrate logSummary
INFO: Schema "PUBLIC" is up to date. No migration necessary.
2023.06.26 22:21:48 INFO  time: initialize in 0.9s
2023.06.26 22:21:50 WARN  Build server is not auto-connectable.
2023.06.26 22:21:50 WARN  no build tool detected in workspace 'E:\UCSC CS\2 Second Year\Semester 1\SCS2204 - Functional Programming\Practicals\21000522_3'. The most common cause for this problem is that the editor was opened in the wrong working directory, for example if you use sbt then the workspace directory should contain build.sbt. 
2023.06.26 22:21:50 WARN  no build target for: E:\UCSC CS\2 Second Year\Semester 1\SCS2204 - Functional Programming\Practicals\21000522_3\Q1.scala
2023.06.26 22:21:50 WARN  no build target for: E:\UCSC CS\2 Second Year\Semester 1\SCS2204 - Functional Programming\Practicals\21000522_3\Q2.scala
2023.06.26 22:21:58 INFO  no build target found for E:\UCSC CS\2 Second Year\Semester 1\SCS2204 - Functional Programming\Practicals\21000522_3\Q2.scala. Using presentation compiler with project's scala-library version: 3.2.2
2023.06.26 22:22:02 INFO  time: code lens generation in 11s
2023.06.26 22:27:01 WARN  no build target for: E:\UCSC CS\2 Second Year\Semester 1\SCS2204 - Functional Programming\Practicals\21000522_3\Q3.scala
Jun 26, 2023 10:33:56 PM org.eclipse.lsp4j.jsonrpc.RemoteEndpoint handleCancellation
WARNING: Unmatched cancel notification for request id 725
2023.06.26 22:34:31 WARN  no build target for: E:\UCSC CS\2 Second Year\Semester 1\SCS2204 - Functional Programming\Practicals\21000522_3\Q3.scala
2023.06.26 22:34:58 WARN  no build target for: E:\UCSC CS\2 Second Year\Semester 1\SCS2204 - Functional Programming\Practicals\21000522_3\Q3.scala
2023.06.26 22:35:19 WARN  no build target for: E:\UCSC CS\2 Second Year\Semester 1\SCS2204 - Functional Programming\Practicals\21000522_3\Q3.scala
Jun 26, 2023 10:37:42 PM org.eclipse.lsp4j.jsonrpc.RemoteEndpoint handleCancellation
WARNING: Unmatched cancel notification for request id 995
Jun 26, 2023 10:40:14 PM org.eclipse.lsp4j.jsonrpc.RemoteEndpoint handleCancellation
WARNING: Unmatched cancel notification for request id 1079
2023.06.26 22:40:16 WARN  no build target for: E:\UCSC CS\2 Second Year\Semester 1\SCS2204 - Functional Programming\Practicals\21000522_3\Q3.scala
Jun 26, 2023 10:40:26 PM org.eclipse.lsp4j.jsonrpc.RemoteEndpoint handleCancellation
WARNING: Unmatched cancel notification for request id 1096
2023.06.26 22:45:52 WARN  no build target for: E:\UCSC CS\2 Second Year\Semester 1\SCS2204 - Functional Programming\Practicals\21000522_3\Q3.scala
2023.06.26 22:46:11 WARN  no build target for: E:\UCSC CS\2 Second Year\Semester 1\SCS2204 - Functional Programming\Practicals\21000522_3\Q3.scala
2023.06.26 22:46:39 WARN  no build target for: E:\UCSC CS\2 Second Year\Semester 1\SCS2204 - Functional Programming\Practicals\21000522_3\Q3.scala
2023.06.26 22:47:47 WARN  no build target for: E:\UCSC CS\2 Second Year\Semester 1\SCS2204 - Functional Programming\Practicals\21000522_3\Q3.scala
2023.06.26 22:53:53 WARN  no build target for: E:\UCSC CS\2 Second Year\Semester 1\SCS2204 - Functional Programming\Practicals\21000522_3\Q3.scala
2023.06.26 22:58:17 WARN  no build target for: E:\UCSC CS\2 Second Year\Semester 1\SCS2204 - Functional Programming\Practicals\21000522_3\Q3.scala
2023.06.26 22:58:36 WARN  no build target for: E:\UCSC CS\2 Second Year\Semester 1\SCS2204 - Functional Programming\Practicals\21000522_3\Q3.scala
Jun 26, 2023 11:10:45 PM org.eclipse.lsp4j.jsonrpc.RemoteEndpoint handleCancellation
WARNING: Unmatched cancel notification for request id 1923
Jun 26, 2023 11:18:20 PM org.eclipse.lsp4j.jsonrpc.RemoteEndpoint handleCancellation
WARNING: Unmatched cancel notification for request id 2019
Jun 26, 2023 11:51:32 PM org.eclipse.lsp4j.jsonrpc.RemoteEndpoint handleCancellation
WARNING: Unmatched cancel notification for request id 2486
Jun 26, 2023 11:51:43 PM org.eclipse.lsp4j.jsonrpc.RemoteEndpoint handleCancellation
WARNING: Unmatched cancel notification for request id 2511
Jun 26, 2023 11:51:44 PM org.eclipse.lsp4j.jsonrpc.RemoteEndpoint handleCancellation
WARNING: Unmatched cancel notification for request id 2517
2023.06.26 23:52:19 WARN  no build target for: E:\UCSC CS\2 Second Year\Semester 1\SCS2204 - Functional Programming\Practicals\21000522_3\Q2.scala
2023.06.26 23:52:54 WARN  no build target for: E:\UCSC CS\2 Second Year\Semester 1\SCS2204 - Functional Programming\Practicals\21000522_3\Q2.scala
2023.06.26 23:52:57 WARN  no build target for: E:\UCSC CS\2 Second Year\Semester 1\SCS2204 - Functional Programming\Practicals\21000522_3\Q3.scala
2023.06.26 23:52:59 INFO  Shutting down server
2023.06.26 23:52:59 INFO  shutting down Metals
2023.06.26 23:52:59 INFO  Exiting server
2023.06.26 23:53:24 INFO  Started: Metals version 0.11.12 in workspace 'E:\UCSC CS\2 Second Year\Semester 1\SCS2204 - Functional Programming\Practicals\21000522_3' for client Visual Studio Code 1.79.2.
Jun 26, 2023 11:53:24 PM org.flywaydb.core.internal.license.VersionPrinter printVersionOnly
INFO: Flyway Community Edition 9.16.3 by Redgate
Jun 26, 2023 11:53:24 PM org.flywaydb.core.internal.license.VersionPrinter printVersion
INFO: See release notes here: https://rd.gt/416ObMi
Jun 26, 2023 11:53:24 PM org.flywaydb.core.internal.license.VersionPrinter printVersion
INFO: 
Jun 26, 2023 11:53:24 PM org.flywaydb.core.internal.database.base.BaseDatabaseType createDatabase
INFO: Database: jdbc:h2:file:E:\UCSC CS\2 Second Year\Semester 1\SCS2204 - Functional Programming\Practicals\21000522_3\.metals\metals (H2 2.1)
Jun 26, 2023 11:53:25 PM org.flywaydb.core.internal.command.DbValidate validate
INFO: Successfully validated 4 migrations (execution time 00:00.063s)
Jun 26, 2023 11:53:25 PM org.flywaydb.core.internal.command.DbMigrate migrateGroup
INFO: Current version of schema "PUBLIC": 4
Jun 26, 2023 11:53:25 PM org.flywaydb.core.internal.command.DbMigrate logSummary
INFO: Schema "PUBLIC" is up to date. No migration necessary.
2023.06.26 23:53:25 INFO  time: initialize in 1.36s
2023.06.26 23:53:28 WARN  Build server is not auto-connectable.
2023.06.26 23:53:28 WARN  no build tool detected in workspace 'E:\UCSC CS\2 Second Year\Semester 1\SCS2204 - Functional Programming\Practicals\21000522_3'. The most common cause for this problem is that the editor was opened in the wrong working directory, for example if you use sbt then the workspace directory should contain build.sbt. 
2023.06.26 23:53:28 WARN  no build target for: E:\UCSC CS\2 Second Year\Semester 1\SCS2204 - Functional Programming\Practicals\21000522_3\Q2.scala
2023.06.26 23:53:28 WARN  no build target for: E:\UCSC CS\2 Second Year\Semester 1\SCS2204 - Functional Programming\Practicals\21000522_3\Q3.scala
2023.06.26 23:53:33 INFO  no build target found for E:\UCSC CS\2 Second Year\Semester 1\SCS2204 - Functional Programming\Practicals\21000522_3\Q2.scala. Using presentation compiler with project's scala-library version: 3.2.2
2023.06.26 23:53:35 INFO  time: code lens generation in 7.32s
2023.06.26 23:54:23 WARN  no build target for: E:\UCSC CS\2 Second Year\Semester 1\SCS2204 - Functional Programming\Practicals\21000522_3\Q2.scala
2023.06.26 23:54:26 WARN  no build target for: E:\UCSC CS\2 Second Year\Semester 1\SCS2204 - Functional Programming\Practicals\21000522_3\Q1.scala
2023.06.26 23:54:56 INFO  Shutting down server
2023.06.26 23:54:56 INFO  shutting down Metals
2023.06.26 23:54:56 INFO  Exiting server
2023.06.27 08:50:39 INFO  Started: Metals version 0.11.12 in workspace 'E:\UCSC CS\2 Second Year\Semester 1\SCS2204 - Functional Programming\Practicals\21000522_3' for client Visual Studio Code 1.79.2.
Jun 27, 2023 8:50:39 AM org.flywaydb.core.internal.license.VersionPrinter printVersionOnly
INFO: Flyway Community Edition 9.16.3 by Redgate
Jun 27, 2023 8:50:39 AM org.flywaydb.core.internal.license.VersionPrinter printVersion
INFO: See release notes here: https://rd.gt/416ObMi
Jun 27, 2023 8:50:39 AM org.flywaydb.core.internal.license.VersionPrinter printVersion
INFO: 
Jun 27, 2023 8:50:41 AM org.flywaydb.core.internal.database.base.BaseDatabaseType createDatabase
INFO: Database: jdbc:h2:file:E:\UCSC CS\2 Second Year\Semester 1\SCS2204 - Functional Programming\Practicals\21000522_3\.metals\metals (H2 2.1)
Jun 27, 2023 8:50:41 AM org.flywaydb.core.internal.command.DbValidate validate
INFO: Successfully validated 4 migrations (execution time 00:00.102s)
Jun 27, 2023 8:50:41 AM org.flywaydb.core.internal.command.DbMigrate migrateGroup
INFO: Current version of schema "PUBLIC": 4
Jun 27, 2023 8:50:41 AM org.flywaydb.core.internal.command.DbMigrate logSummary
INFO: Schema "PUBLIC" is up to date. No migration necessary.
2023.06.27 08:50:42 INFO  time: initialize in 3.15s
2023.06.27 08:50:49 WARN  Build server is not auto-connectable.
2023.06.27 08:50:49 WARN  no build tool detected in workspace 'E:\UCSC CS\2 Second Year\Semester 1\SCS2204 - Functional Programming\Practicals\21000522_3'. The most common cause for this problem is that the editor was opened in the wrong working directory, for example if you use sbt then the workspace directory should contain build.sbt. 
2023.06.27 08:50:49 WARN  no build target for: E:\UCSC CS\2 Second Year\Semester 1\SCS2204 - Functional Programming\Practicals\21000522_3\Q3.scala
2023.06.27 08:50:49 WARN  no build target for: E:\UCSC CS\2 Second Year\Semester 1\SCS2204 - Functional Programming\Practicals\21000522_3\Q1.scala
2023.06.27 08:50:56 INFO  no build target found for E:\UCSC CS\2 Second Year\Semester 1\SCS2204 - Functional Programming\Practicals\21000522_3\Q1.scala. Using presentation compiler with project's scala-library version: 3.2.2
2023.06.27 08:51:03 INFO  time: code lens generation in 6.43s
2023.06.27 08:53:33 WARN  no build target for: E:\UCSC CS\2 Second Year\Semester 1\SCS2204 - Functional Programming\Practicals\21000522_3\Q2.scala
2023.06.27 08:53:37 WARN  no build target for: E:\UCSC CS\2 Second Year\Semester 1\SCS2204 - Functional Programming\Practicals\21000522_3\Q1.scala
Jun 27, 2023 8:55:51 AM org.eclipse.lsp4j.jsonrpc.RemoteEndpoint handleCancellation
WARNING: Unmatched cancel notification for request id 161
Jun 27, 2023 8:58:16 AM org.eclipse.lsp4j.jsonrpc.RemoteEndpoint handleCancellation
WARNING: Unmatched cancel notification for request id 228
2023.06.27 08:58:19 WARN  no build target for: E:\UCSC CS\2 Second Year\Semester 1\SCS2204 - Functional Programming\Practicals\21000522_3\Q3.scala
2023.06.27 08:58:21 WARN  no build target for: E:\UCSC CS\2 Second Year\Semester 1\SCS2204 - Functional Programming\Practicals\21000522_3\Q3.scala
Jun 27, 2023 8:58:32 AM org.eclipse.lsp4j.jsonrpc.RemoteEndpoint handleCancellation
WARNING: Unmatched cancel notification for request id 277
2023.06.27 08:58:36 WARN  no build target for: E:\UCSC CS\2 Second Year\Semester 1\SCS2204 - Functional Programming\Practicals\21000522_3\Q2.scala
2023.06.27 08:59:09 WARN  no build target for: E:\UCSC CS\2 Second Year\Semester 1\SCS2204 - Functional Programming\Practicals\21000522_3\Q3.scala
2023.06.27 08:59:20 WARN  no build target for: E:\UCSC CS\2 Second Year\Semester 1\SCS2204 - Functional Programming\Practicals\21000522_3\Q3.scala
2023.06.27 12:52:13 INFO  Shutting down server
2023.06.27 12:52:13 INFO  shutting down Metals
2023.06.27 12:52:13 INFO  Exiting server
2023.06.28 20:57:03 INFO  Started: Metals version 0.11.12 in workspace 'E:\UCSC CS\2 Second Year\Semester 1\SCS2204 - Functional Programming\Practicals\21000522_3' for client Visual Studio Code 1.79.2.
Jun 28, 2023 8:57:03 PM org.flywaydb.core.internal.license.VersionPrinter printVersionOnly
INFO: Flyway Community Edition 9.16.3 by Redgate
Jun 28, 2023 8:57:03 PM org.flywaydb.core.internal.license.VersionPrinter printVersion
INFO: See release notes here: https://rd.gt/416ObMi
Jun 28, 2023 8:57:03 PM org.flywaydb.core.internal.license.VersionPrinter printVersion
INFO: 
Jun 28, 2023 8:57:03 PM org.flywaydb.core.internal.database.base.BaseDatabaseType createDatabase
INFO: Database: jdbc:h2:file:E:\UCSC CS\2 Second Year\Semester 1\SCS2204 - Functional Programming\Practicals\21000522_3\.metals\metals (H2 2.1)
Jun 28, 2023 8:57:03 PM org.flywaydb.core.internal.command.DbValidate validate
INFO: Successfully validated 4 migrations (execution time 00:00.037s)
Jun 28, 2023 8:57:03 PM org.flywaydb.core.internal.command.DbMigrate migrateGroup
INFO: Current version of schema "PUBLIC": 4
Jun 28, 2023 8:57:03 PM org.flywaydb.core.internal.command.DbMigrate logSummary
INFO: Schema "PUBLIC" is up to date. No migration necessary.
2023.06.28 20:57:04 INFO  time: initialize in 0.92s
2023.06.28 20:57:06 WARN  Build server is not auto-connectable.
2023.06.28 20:57:06 WARN  no build tool detected in workspace 'E:\UCSC CS\2 Second Year\Semester 1\SCS2204 - Functional Programming\Practicals\21000522_3'. The most common cause for this problem is that the editor was opened in the wrong working directory, for example if you use sbt then the workspace directory should contain build.sbt. 
2023.06.28 20:57:07 INFO  Shutting down server
2023.06.28 20:57:07 INFO  shutting down Metals
2023.06.28 20:57:07 INFO  Exiting server
